<?xml version="1.0" encoding="UTF-8"?>
<!-- Generated by org.testng.reporters.JUnitReportReporter -->
<testsuite hostname="LTIN217085" failures="0" tests="1" name="testcase.TC2" time="17.321" errors="0" timestamp="2024-02-14T18:37:29 IST" skipped="0">
  <testcase classname="testcase.TC2" name="secondcase" time="17.321"/>
</testsuite> <!-- testcase.TC2 -->
