<?xml version="1.0" encoding="UTF-8"?>
<!-- Generated by org.testng.reporters.JUnitReportReporter -->
<testsuite hostname="LTIN217085" failures="0" tests="1" name="testcase.TC1" time="21.521" errors="0" timestamp="2024-02-14T18:37:29 IST" skipped="0">
  <testcase classname="testcase.TC1" name="makemytrip" time="21.521"/>
</testsuite> <!-- testcase.TC1 -->
