<?xml version="1.0" encoding="UTF-8"?>
<!-- Generated by org.testng.reporters.JUnitReportReporter -->
<testsuite hostname="LTIN191515" failures="0" tests="1" name="testcase.TC3" time="13.007" errors="0" timestamp="2024-02-12T15:35:54 IST" skipped="0">
  <testcase classname="testcase.TC3" name="thirdcase" time="13.007"/>
</testsuite> <!-- testcase.TC3 -->
