<?xml version="1.0" encoding="UTF-8"?>
<!-- Generated by org.testng.reporters.JUnitReportReporter -->
<testsuite hostname="LTIN217085" failures="0" tests="1" name="testcase.TC3" time="13.014" errors="0" timestamp="2024-02-14T18:37:29 IST" skipped="0">
  <testcase classname="testcase.TC3" name="thirdcase" time="13.014"/>
</testsuite> <!-- testcase.TC3 -->
