<?xml version="1.0" encoding="UTF-8"?>
<!-- Generated by org.testng.reporters.JUnitReportReporter -->
<testsuite hostname="LTIN191515" failures="0" tests="1" name="testcase.TC3" time="16.464" errors="0" timestamp="2024-02-12T18:31:32 IST" skipped="0">
  <testcase classname="testcase.TC3" name="thirdcase" time="16.464"/>
</testsuite> <!-- testcase.TC3 -->
